[debug] [2025-12-12T15:35:30.474Z] ----------------------------------------------------------------------
[debug] [2025-12-12T15:35:30.488Z] Command:       C:\Program Files\nodejs\node.exe C:\Program Files\nodejs\node_modules\firebase-tools\lib\bin\firebase.js deploy
[debug] [2025-12-12T15:35:30.490Z] CLI Version:   15.0.0
[debug] [2025-12-12T15:35:30.491Z] Platform:      win32
[debug] [2025-12-12T15:35:30.492Z] Node Version:  v20.18.1
[debug] [2025-12-12T15:35:30.494Z] Time:          Fri Dec 12 2025 12:35:30 GMT-0300 (hora estándar de Argentina)
[debug] [2025-12-12T15:35:30.495Z] ----------------------------------------------------------------------
[debug] 
[debug] [2025-12-12T15:35:41.682Z] > command requires scopes: ["email","openid","https://www.googleapis.com/auth/cloudplatformprojects.readonly","https://www.googleapis.com/auth/firebase","https://www.googleapis.com/auth/cloud-platform"]
[debug] [2025-12-12T15:35:41.683Z] > authorizing via signed-in user (argdreamcatcher1709@gmail.com)
[debug] [2025-12-12T15:35:41.683Z] [iam] checking project cyv-dreamcatcher for permissions ["firebase.projects.get","firebasehosting.sites.update"]
[debug] [2025-12-12T15:35:41.686Z] Checked if tokens are valid: false, expires at: 1741973980631
[debug] [2025-12-12T15:35:41.687Z] Checked if tokens are valid: false, expires at: 1741973980631
[debug] [2025-12-12T15:35:41.689Z] > refreshing access token with scopes: []
[debug] [2025-12-12T15:35:41.694Z] >>> [apiv2][query] POST https://www.googleapis.com/oauth2/v3/token [none]
[debug] [2025-12-12T15:35:41.695Z] >>> [apiv2][body] POST https://www.googleapis.com/oauth2/v3/token [omitted]
[debug] [2025-12-12T15:35:42.300Z] <<< [apiv2][status] POST https://www.googleapis.com/oauth2/v3/token 400
[debug] [2025-12-12T15:35:42.301Z] <<< [apiv2][body] POST https://www.googleapis.com/oauth2/v3/token [omitted]
[debug] [2025-12-12T15:35:42.301Z] >>> [apiv2][query] POST https://cloudresourcemanager.googleapis.com/v1/projects/cyv-dreamcatcher:testIamPermissions [none]
[debug] [2025-12-12T15:35:42.302Z] >>> [apiv2][(partial)header] POST https://cloudresourcemanager.googleapis.com/v1/projects/cyv-dreamcatcher:testIamPermissions x-goog-quota-user=projects/cyv-dreamcatcher
[debug] [2025-12-12T15:35:42.302Z] >>> [apiv2][body] POST https://cloudresourcemanager.googleapis.com/v1/projects/cyv-dreamcatcher:testIamPermissions {"permissions":["firebase.projects.get","firebasehosting.sites.update"]}
[debug] [2025-12-12T15:35:43.185Z] <<< [apiv2][status] POST https://cloudresourcemanager.googleapis.com/v1/projects/cyv-dreamcatcher:testIamPermissions 401
[debug] [2025-12-12T15:35:43.185Z] <<< [apiv2][body] POST https://cloudresourcemanager.googleapis.com/v1/projects/cyv-dreamcatcher:testIamPermissions {"error":{"code":401,"message":"Request had invalid authentication credentials. Expected OAuth 2 access token, login cookie or other valid authentication credential. See https://developers.google.com/identity/sign-in/web/devconsole-project.","status":"UNAUTHENTICATED","details":[{"@type":"type.googleapis.com/google.rpc.ErrorInfo","reason":"ACCESS_TOKEN_TYPE_UNSUPPORTED","metadata":{"method":"google.cloudresourcemanager.v1.Projects.TestIamPermissions","service":"cloudresourcemanager.googleapis.com"}}]}}
[debug] [2025-12-12T15:35:43.186Z] Got a 401 Unauthenticated error for a call that required authentication. Refreshing tokens.
[debug] [2025-12-12T15:35:43.186Z] Checked if tokens are valid: false, expires at: 1741973980631
[debug] [2025-12-12T15:35:43.186Z] Checked if tokens are valid: false, expires at: 1741973980631
[debug] [2025-12-12T15:35:43.186Z] > refreshing access token with scopes: []
[debug] [2025-12-12T15:35:43.187Z] >>> [apiv2][query] POST https://www.googleapis.com/oauth2/v3/token [none]
[debug] [2025-12-12T15:35:43.187Z] >>> [apiv2][body] POST https://www.googleapis.com/oauth2/v3/token [omitted]
[debug] [2025-12-12T15:35:43.367Z] <<< [apiv2][status] POST https://www.googleapis.com/oauth2/v3/token 400
[debug] [2025-12-12T15:35:43.368Z] <<< [apiv2][body] POST https://www.googleapis.com/oauth2/v3/token [omitted]
[debug] [2025-12-12T15:35:43.370Z] [iam] error while checking permissions, command may fail: Request to https://cloudresourcemanager.googleapis.com/v1/projects/cyv-dreamcatcher:testIamPermissions had HTTP Error: 401, Request had invalid authentication credentials. Expected OAuth 2 access token, login cookie or other valid authentication credential. See https://developers.google.com/identity/sign-in/web/devconsole-project.
[debug] [2025-12-12T15:35:43.371Z] Checked if tokens are valid: false, expires at: 1741973980631
[debug] [2025-12-12T15:35:43.372Z] Checked if tokens are valid: false, expires at: 1741973980631
[debug] [2025-12-12T15:35:43.372Z] > refreshing access token with scopes: []
[debug] [2025-12-12T15:35:43.373Z] >>> [apiv2][query] POST https://www.googleapis.com/oauth2/v3/token [none]
[debug] [2025-12-12T15:35:43.373Z] >>> [apiv2][body] POST https://www.googleapis.com/oauth2/v3/token [omitted]
[debug] [2025-12-12T15:35:43.557Z] <<< [apiv2][status] POST https://www.googleapis.com/oauth2/v3/token 400
[debug] [2025-12-12T15:35:43.557Z] <<< [apiv2][body] POST https://www.googleapis.com/oauth2/v3/token [omitted]
[debug] [2025-12-12T15:35:43.558Z] >>> [apiv2][query] GET https://firebase.googleapis.com/v1beta1/projects/cyv-dreamcatcher [none]
[debug] [2025-12-12T15:35:43.731Z] <<< [apiv2][status] GET https://firebase.googleapis.com/v1beta1/projects/cyv-dreamcatcher 401
[debug] [2025-12-12T15:35:43.732Z] <<< [apiv2][body] GET https://firebase.googleapis.com/v1beta1/projects/cyv-dreamcatcher {"error":{"code":401,"message":"Request had invalid authentication credentials. Expected OAuth 2 access token, login cookie or other valid authentication credential. See https://developers.google.com/identity/sign-in/web/devconsole-project.","status":"UNAUTHENTICATED"}}
[debug] [2025-12-12T15:35:43.732Z] Got a 401 Unauthenticated error for a call that required authentication. Refreshing tokens.
[debug] [2025-12-12T15:35:43.732Z] Checked if tokens are valid: false, expires at: 1741973980631
[debug] [2025-12-12T15:35:43.732Z] Checked if tokens are valid: false, expires at: 1741973980631
[debug] [2025-12-12T15:35:43.732Z] > refreshing access token with scopes: []
[debug] [2025-12-12T15:35:43.733Z] >>> [apiv2][query] POST https://www.googleapis.com/oauth2/v3/token [none]
[debug] [2025-12-12T15:35:43.733Z] >>> [apiv2][body] POST https://www.googleapis.com/oauth2/v3/token [omitted]
[debug] [2025-12-12T15:35:43.940Z] <<< [apiv2][status] POST https://www.googleapis.com/oauth2/v3/token 400
[debug] [2025-12-12T15:35:43.940Z] <<< [apiv2][body] POST https://www.googleapis.com/oauth2/v3/token [omitted]
[debug] [2025-12-12T15:35:43.941Z] Request to https://firebase.googleapis.com/v1beta1/projects/cyv-dreamcatcher had HTTP Error: 401, Request had invalid authentication credentials. Expected OAuth 2 access token, login cookie or other valid authentication credential. See https://developers.google.com/identity/sign-in/web/devconsole-project.
[error] 
[error] Error: Assertion failed: resolving hosting target of a site with no site name or target name. This should have caused an error earlier
